This file contains any messages produced by compilers while
running configure, to aid debugging if configure makes a mistake.

It was created by smutt configure 1.0, which was
generated by GNU Autoconf 2.69.  Invocation command line was

  $ ./configure 

## --------- ##
## Platform. ##
## --------- ##

hostname = aleks-solus
uname -m = x86_64
uname -r = 5.6.19-158.current
uname -s = Linux
uname -v = #1 SMP PREEMPT Sun Jul 26 14:17:01 UTC 2020

/usr/bin/uname -p = unknown
/bin/uname -X     = unknown

/bin/arch              = x86_64
/usr/bin/arch -k       = unknown
/usr/convex/getsysinfo = unknown
/usr/bin/hostinfo      = unknown
/bin/machine           = unknown
/usr/bin/oslevel       = unknown
/bin/universe          = unknown

PATH: /home/linuxbrew/.linuxbrew/bin
PATH: /home/linuxbrew/.linuxbrew/sbin
PATH: /home/aleks/.npm-global/bin
PATH: /home/aleks/bin
PATH: /usr/local/bin
PATH: /home/aleks/.sdkman/candidates/java/current/bin
PATH: /home/linuxbrew/.linuxbrew/bin
PATH: /home/linuxbrew/.linuxbrew/sbin
PATH: /home/aleks/.npm-global/bin
PATH: /home/aleks/bin
PATH: /usr/local/bin
PATH: /sbin
PATH: /bin
PATH: /usr/sbin
PATH: /usr/bin
PATH: /usr/local/bin
PATH: /snap/bin


## ----------- ##
## Core tests. ##
## ----------- ##

configure:2171: checking for a BSD-compatible install
configure:2239: result: /usr/bin/install -c
configure:2250: checking whether build environment is sane
configure:2305: result: yes
configure:2454: checking for a thread-safe mkdir -p
configure:2493: result: /bin/mkdir -p
configure:2500: checking for gawk
configure:2516: found /usr/bin/gawk
configure:2527: result: gawk
configure:2538: checking whether make sets $(MAKE)
configure:2560: result: yes
configure:2589: checking whether make supports nested variables
configure:2606: result: yes
configure:2785: checking for gcc
configure:2801: found /usr/bin/gcc
configure:2812: result: gcc
configure:3041: checking for C compiler version
configure:3050: gcc --version >&5
gcc (Solus) 9.3.0
Copyright (C) 2019 Free Software Foundation, Inc.
This is free software; see the source for copying conditions.  There is NO
warranty; not even for MERCHANTABILITY or FITNESS FOR A PARTICULAR PURPOSE.

configure:3061: $? = 0
configure:3050: gcc -v >&5
Using built-in specs.
COLLECT_GCC=gcc
COLLECT_LTO_WRAPPER=/usr/lib64/gcc/x86_64-solus-linux/9/lto-wrapper
Target: x86_64-solus-linux
Configured with: ../configure --prefix=/usr --with-pkgversion=Solus --libdir=/usr/lib64 --libexecdir=/usr/lib64 --with-system-zlib --enable-cet --enable-default-ssp --enable-shared --enable-threads=posix --enable-gnu-indirect-function --enable-__cxa_atexit --enable-plugin --enable-gold --enable-ld=default --enable-clocale=gnu --enable-multilib --with-multilib-list=m32,m64 --enable-lto --with-gcc-major-version-only --with-bugurl=https://dev.getsol.us/ --with-arch_32=i686 --enable-linker-build-id --with-linker-hash-style=gnu --with-gnu-ld --build=x86_64-solus-linux --target=x86_64-solus-linux --enable-languages=c,c++,fortran
Thread model: posix
gcc version 9.3.0 (Solus) 
configure:3061: $? = 0
configure:3050: gcc -V >&5
gcc: error: unrecognized command line option '-V'
gcc: fatal error: no input files
compilation terminated.
configure:3061: $? = 1
configure:3050: gcc -qversion >&5
gcc: error: unrecognized command line option '-qversion'; did you mean '--version'?
gcc: fatal error: no input files
compilation terminated.
configure:3061: $? = 1
configure:3081: checking whether the C compiler works
configure:3103: gcc    conftest.c  >&5
configure:3107: $? = 0
configure:3155: result: yes
configure:3158: checking for C compiler default output file name
configure:3160: result: a.out
configure:3166: checking for suffix of executables
configure:3173: gcc -o conftest    conftest.c  >&5
configure:3177: $? = 0
configure:3199: result: 
configure:3221: checking whether we are cross compiling
configure:3229: gcc -o conftest    conftest.c  >&5
configure:3233: $? = 0
configure:3240: ./conftest
configure:3244: $? = 0
configure:3232: result: no
configure:3237: checking for suffix of object files
configure:3259: gcc -c   conftest.c >&5
configure:3263: $? = 0
configure:3284: result: o
configure:3288: checking whether we are using the GNU C compiler
configure:3307: gcc -c   conftest.c >&5
configure:3307: $? = 0
configure:3316: result: yes
configure:3325: checking whether gcc accepts -g
configure:3345: gcc -c -g  conftest.c >&5
configure:3345: $? = 0
configure:3386: result: yes
configure:3403: checking for gcc option to accept ISO C89
configure:3466: gcc  -c -g -O2  conftest.c >&5
configure:3466: $? = 0
configure:3479: result: none needed
configure:3504: checking whether gcc understands -c and -o together
configure:3526: gcc -c conftest.c -o conftest2.o
configure:3529: $? = 0
configure:3526: gcc -c conftest.c -o conftest2.o
configure:3529: $? = 0
configure:3541: result: yes
configure:3561: checking whether make supports the include directive
configure:3576: make -f confmf.GNU && cat confinc.out
this is the am__doit target
configure:3579: $? = 0
configure:3598: result: yes (GNU style)
configure:3623: checking dependency style of gcc
configure:3734: result: gcc3
configure:3752: checking for wgetch in -lncurses
configure:3777: gcc -o conftest -g -O2   conftest.c -lncurses   >&5
configure:3777: $? = 0
configure:3786: result: yes
configure:3804: checking how to run the C preprocessor
configure:3835: gcc -E  conftest.c
configure:3835: $? = 0
configure:3849: gcc -E  conftest.c
conftest.c:12:10: fatal error: ac_nonexistent.h: No such file or directory
   12 | #include <ac_nonexistent.h>
      |          ^~~~~~~~~~~~~~~~~~
compilation terminated.
configure:3849: $? = 1
configure: failed program was:
| /* confdefs.h */
| #define PACKAGE_NAME "smutt"
| #define PACKAGE_TARNAME "smutt"
| #define PACKAGE_VERSION "1.0"
| #define PACKAGE_STRING "smutt 1.0"
| #define PACKAGE_BUGREPORT "munchkinhalfling@pm.me"
| #define PACKAGE_URL ""
| #define PACKAGE "smutt"
| #define VERSION "1.0"
| #define HAVE_LIBNCURSES 1
| /* end confdefs.h.  */
| #include <ac_nonexistent.h>
configure:3874: result: gcc -E
configure:3894: gcc -E  conftest.c
configure:3894: $? = 0
configure:3908: gcc -E  conftest.c
conftest.c:12:10: fatal error: ac_nonexistent.h: No such file or directory
   12 | #include <ac_nonexistent.h>
      |          ^~~~~~~~~~~~~~~~~~
compilation terminated.
configure:3908: $? = 1
configure: failed program was:
| /* confdefs.h */
| #define PACKAGE_NAME "smutt"
| #define PACKAGE_TARNAME "smutt"
| #define PACKAGE_VERSION "1.0"
| #define PACKAGE_STRING "smutt 1.0"
| #define PACKAGE_BUGREPORT "munchkinhalfling@pm.me"
| #define PACKAGE_URL ""
| #define PACKAGE "smutt"
| #define VERSION "1.0"
| #define HAVE_LIBNCURSES 1
| /* end confdefs.h.  */
| #include <ac_nonexistent.h>
configure:3937: checking for grep that handles long lines and -e
configure:3995: result: /bin/grep
configure:4000: checking for egrep
configure:4062: result: /bin/grep -E
configure:4067: checking for ANSI C header files
configure:4087: gcc -c -g -O2  conftest.c >&5
configure:4087: $? = 0
configure:4160: gcc -o conftest -g -O2   conftest.c -lncurses  >&5
configure:4160: $? = 0
configure:4160: ./conftest
configure:4160: $? = 0
configure:4171: result: yes
configure:4184: checking for sys/types.h
configure:4184: gcc -c -g -O2  conftest.c >&5
configure:4184: $? = 0
configure:4184: result: yes
configure:4184: checking for sys/stat.h
configure:4184: gcc -c -g -O2  conftest.c >&5
configure:4184: $? = 0
configure:4184: result: yes
configure:4184: checking for stdlib.h
configure:4184: gcc -c -g -O2  conftest.c >&5
configure:4184: $? = 0
configure:4184: result: yes
configure:4184: checking for string.h
configure:4184: gcc -c -g -O2  conftest.c >&5
configure:4184: $? = 0
configure:4184: result: yes
configure:4184: checking for memory.h
configure:4184: gcc -c -g -O2  conftest.c >&5
configure:4184: $? = 0
configure:4184: result: yes
configure:4184: checking for strings.h
configure:4184: gcc -c -g -O2  conftest.c >&5
configure:4184: $? = 0
configure:4184: result: yes
configure:4184: checking for inttypes.h
configure:4184: gcc -c -g -O2  conftest.c >&5
configure:4184: $? = 0
configure:4184: result: yes
configure:4184: checking for stdint.h
configure:4184: gcc -c -g -O2  conftest.c >&5
configure:4184: $? = 0
configure:4184: result: yes
configure:4184: checking for unistd.h
configure:4184: gcc -c -g -O2  conftest.c >&5
configure:4184: $? = 0
configure:4184: result: yes
configure:4199: checking for stdlib.h
configure:4199: result: yes
configure:4199: checking for string.h
configure:4199: result: yes
configure:4199: checking stdio.h usability
configure:4199: gcc -c -g -O2  conftest.c >&5
configure:4199: $? = 0
configure:4199: result: yes
configure:4199: checking stdio.h presence
configure:4199: gcc -E  conftest.c
configure:4199: $? = 0
configure:4199: result: yes
configure:4199: checking for stdio.h
configure:4199: result: yes
configure:4199: checking ncurses.h usability
configure:4199: gcc -c -g -O2  conftest.c >&5
configure:4199: $? = 0
configure:4199: result: yes
configure:4199: checking ncurses.h presence
configure:4199: gcc -E  conftest.c
configure:4199: $? = 0
configure:4199: result: yes
configure:4199: checking for ncurses.h
configure:4199: result: yes
configure:4211: checking for stdbool.h that conforms to C99
configure:4278: gcc -c -g -O2  conftest.c >&5
configure:4278: $? = 0
configure:4285: result: yes
configure:4287: checking for _Bool
configure:4287: gcc -c -g -O2  conftest.c >&5
configure:4287: $? = 0
configure:4287: gcc -c -g -O2  conftest.c >&5
conftest.c: In function 'main':
conftest.c:62:20: error: expected expression before ')' token
   62 | if (sizeof ((_Bool)))
      |                    ^
configure:4287: $? = 1
configure: failed program was:
| /* confdefs.h */
| #define PACKAGE_NAME "smutt"
| #define PACKAGE_TARNAME "smutt"
| #define PACKAGE_VERSION "1.0"
| #define PACKAGE_STRING "smutt 1.0"
| #define PACKAGE_BUGREPORT "munchkinhalfling@pm.me"
| #define PACKAGE_URL ""
| #define PACKAGE "smutt"
| #define VERSION "1.0"
| #define HAVE_LIBNCURSES 1
| #define STDC_HEADERS 1
| #define HAVE_SYS_TYPES_H 1
| #define HAVE_SYS_STAT_H 1
| #define HAVE_STDLIB_H 1
| #define HAVE_STRING_H 1
| #define HAVE_MEMORY_H 1
| #define HAVE_STRINGS_H 1
| #define HAVE_INTTYPES_H 1
| #define HAVE_STDINT_H 1
| #define HAVE_UNISTD_H 1
| #define HAVE_STDLIB_H 1
| #define HAVE_STRING_H 1
| #define HAVE_STDIO_H 1
| #define HAVE_NCURSES_H 1
| /* end confdefs.h.  */
| #include <stdio.h>
| #ifdef HAVE_SYS_TYPES_H
| # include <sys/types.h>
| #endif
| #ifdef HAVE_SYS_STAT_H
| # include <sys/stat.h>
| #endif
| #ifdef STDC_HEADERS
| # include <stdlib.h>
| # include <stddef.h>
| #else
| # ifdef HAVE_STDLIB_H
| #  include <stdlib.h>
| # endif
| #endif
| #ifdef HAVE_STRING_H
| # if !defined STDC_HEADERS && defined HAVE_MEMORY_H
| #  include <memory.h>
| # endif
| # include <string.h>
| #endif
| #ifdef HAVE_STRINGS_H
| # include <strings.h>
| #endif
| #ifdef HAVE_INTTYPES_H
| # include <inttypes.h>
| #endif
| #ifdef HAVE_STDINT_H
| # include <stdint.h>
| #endif
| #ifdef HAVE_UNISTD_H
| # include <unistd.h>
| #endif
| int
| main ()
| {
| if (sizeof ((_Bool)))
| 	    return 0;
|   ;
|   return 0;
| }
configure:4287: result: yes
configure:4302: checking for stdlib.h
configure:4302: result: yes
configure:4312: checking for GNU libc compatible malloc
configure:4336: gcc -o conftest -g -O2   conftest.c -lncurses  >&5
configure:4336: $? = 0
configure:4336: ./conftest
configure:4336: $? = 0
configure:4346: result: yes
configure:4471: checking that generated files are newer than configure
configure:4477: result: done
configure:4500: creating ./config.status

## ---------------------- ##
## Running config.status. ##
## ---------------------- ##

This file was extended by smutt config.status 1.0, which was
generated by GNU Autoconf 2.69.  Invocation command line was

  CONFIG_FILES    = 
  CONFIG_HEADERS  = 
  CONFIG_LINKS    = 
  CONFIG_COMMANDS = 
  $ ./config.status 

on aleks-solus

config.status:856: creating Makefile
config.status:856: creating config.h
config.status:1037: config.h is unchanged
config.status:1085: executing depfiles commands
config.status:1162: cd .       && sed -e '/# am--include-marker/d' Makefile         | make -f - am--depfiles
make: Nothing to be done for 'am--depfiles'.
config.status:1167: $? = 0

## ---------------- ##
## Cache variables. ##
## ---------------- ##

ac_cv_c_compiler_gnu=yes
ac_cv_env_CC_set=
ac_cv_env_CC_value=
ac_cv_env_CFLAGS_set=
ac_cv_env_CFLAGS_value=
ac_cv_env_CPPFLAGS_set=
ac_cv_env_CPPFLAGS_value=
ac_cv_env_CPP_set=
ac_cv_env_CPP_value=
ac_cv_env_LDFLAGS_set=
ac_cv_env_LDFLAGS_value=
ac_cv_env_LIBS_set=
ac_cv_env_LIBS_value=
ac_cv_env_build_alias_set=
ac_cv_env_build_alias_value=
ac_cv_env_host_alias_set=
ac_cv_env_host_alias_value=
ac_cv_env_target_alias_set=
ac_cv_env_target_alias_value=
ac_cv_func_malloc_0_nonnull=yes
ac_cv_header_inttypes_h=yes
ac_cv_header_memory_h=yes
ac_cv_header_ncurses_h=yes
ac_cv_header_stdbool_h=yes
ac_cv_header_stdc=yes
ac_cv_header_stdint_h=yes
ac_cv_header_stdio_h=yes
ac_cv_header_stdlib_h=yes
ac_cv_header_string_h=yes
ac_cv_header_strings_h=yes
ac_cv_header_sys_stat_h=yes
ac_cv_header_sys_types_h=yes
ac_cv_header_unistd_h=yes
ac_cv_lib_ncurses_wgetch=yes
ac_cv_objext=o
ac_cv_path_EGREP='/bin/grep -E'
ac_cv_path_GREP=/bin/grep
ac_cv_path_install='/usr/bin/install -c'
ac_cv_path_mkdir=/bin/mkdir
ac_cv_prog_AWK=gawk
ac_cv_prog_CPP='gcc -E'
ac_cv_prog_ac_ct_CC=gcc
ac_cv_prog_cc_c89=
ac_cv_prog_cc_g=yes
ac_cv_prog_make_make_set=yes
ac_cv_type__Bool=yes
am_cv_CC_dependencies_compiler_type=gcc3
am_cv_make_support_nested_variables=yes
am_cv_prog_cc_c_o=yes

## ----------------- ##
## Output variables. ##
## ----------------- ##

ACLOCAL='${SHELL} /home/aleks/s-mutt/missing aclocal-1.16'
AMDEPBACKSLASH='\'
AMDEP_FALSE='#'
AMDEP_TRUE=''
AMTAR='$${TAR-tar}'
AM_BACKSLASH='\'
AM_DEFAULT_V='$(AM_DEFAULT_VERBOSITY)'
AM_DEFAULT_VERBOSITY='1'
AM_V='$(V)'
AUTOCONF='${SHELL} /home/aleks/s-mutt/missing autoconf'
AUTOHEADER='${SHELL} /home/aleks/s-mutt/missing autoheader'
AUTOMAKE='${SHELL} /home/aleks/s-mutt/missing automake-1.16'
AWK='gawk'
CC='gcc'
CCDEPMODE='depmode=gcc3'
CFLAGS='-g -O2'
CPP='gcc -E'
CPPFLAGS=''
CYGPATH_W='echo'
DEFS='-DHAVE_CONFIG_H'
DEPDIR='.deps'
ECHO_C=''
ECHO_N='-n'
ECHO_T=''
EGREP='/bin/grep -E'
EXEEXT=''
GREP='/bin/grep'
INSTALL_DATA='${INSTALL} -m 644'
INSTALL_PROGRAM='${INSTALL}'
INSTALL_SCRIPT='${INSTALL}'
INSTALL_STRIP_PROGRAM='$(install_sh) -c -s'
LDFLAGS=''
LIBOBJS=''
LIBS='-lncurses '
LTLIBOBJS=''
MAKEINFO='${SHELL} /home/aleks/s-mutt/missing makeinfo'
MKDIR_P='/bin/mkdir -p'
OBJEXT='o'
PACKAGE='smutt'
PACKAGE_BUGREPORT='munchkinhalfling@pm.me'
PACKAGE_NAME='smutt'
PACKAGE_STRING='smutt 1.0'
PACKAGE_TARNAME='smutt'
PACKAGE_URL=''
PACKAGE_VERSION='1.0'
PATH_SEPARATOR=':'
SET_MAKE=''
SHELL='/bin/sh'
STRIP=''
VERSION='1.0'
ac_ct_CC='gcc'
am__EXEEXT_FALSE=''
am__EXEEXT_TRUE='#'
am__fastdepCC_FALSE='#'
am__fastdepCC_TRUE=''
am__include='include'
am__isrc=''
am__leading_dot='.'
am__nodep='_no'
am__quote=''
am__tar='$${TAR-tar} chof - "$$tardir"'
am__untar='$${TAR-tar} xf -'
bindir='${exec_prefix}/bin'
build_alias=''
datadir='${datarootdir}'
datarootdir='${prefix}/share'
docdir='${datarootdir}/doc/${PACKAGE_TARNAME}'
dvidir='${docdir}'
exec_prefix='${prefix}'
host_alias=''
htmldir='${docdir}'
includedir='${prefix}/include'
infodir='${datarootdir}/info'
install_sh='${SHELL} /home/aleks/s-mutt/install-sh'
libdir='${exec_prefix}/lib'
libexecdir='${exec_prefix}/libexec'
localedir='${datarootdir}/locale'
localstatedir='${prefix}/var'
mandir='${datarootdir}/man'
mkdir_p='$(MKDIR_P)'
oldincludedir='/usr/include'
pdfdir='${docdir}'
prefix='/usr/local'
program_transform_name='s,x,x,'
psdir='${docdir}'
sbindir='${exec_prefix}/sbin'
sharedstatedir='${prefix}/com'
sysconfdir='${prefix}/etc'
target_alias=''

## ----------- ##
## confdefs.h. ##
## ----------- ##

/* confdefs.h */
#define PACKAGE_NAME "smutt"
#define PACKAGE_TARNAME "smutt"
#define PACKAGE_VERSION "1.0"
#define PACKAGE_STRING "smutt 1.0"
#define PACKAGE_BUGREPORT "munchkinhalfling@pm.me"
#define PACKAGE_URL ""
#define PACKAGE "smutt"
#define VERSION "1.0"
#define HAVE_LIBNCURSES 1
#define STDC_HEADERS 1
#define HAVE_SYS_TYPES_H 1
#define HAVE_SYS_STAT_H 1
#define HAVE_STDLIB_H 1
#define HAVE_STRING_H 1
#define HAVE_MEMORY_H 1
#define HAVE_STRINGS_H 1
#define HAVE_INTTYPES_H 1
#define HAVE_STDINT_H 1
#define HAVE_UNISTD_H 1
#define HAVE_STDLIB_H 1
#define HAVE_STRING_H 1
#define HAVE_STDIO_H 1
#define HAVE_NCURSES_H 1
#define HAVE__BOOL 1
#define HAVE_STDLIB_H 1
#define HAVE_MALLOC 1

configure: exit 0
